<?xml version="1.0" encoding="UTF-8"?>
<testsuite xmlns:xsi="http://www.w3.org/2001/XMLSchema-instance" xsi:noNamespaceSchemaLocation="https://maven.apache.org/surefire/maven-surefire-plugin/xsd/surefire-test-report.xsd" name="TestRunners.AmazonTest" time="1.036" tests="4" errors="0" skipped="0" failures="0">
  <properties>
[...]
</properties>
  <testcase name="Search a Product" classname="Amazon Search" time="0.248"/>
  <testcase name="Booking Cab Sedan" classname="User Booking Feature" time="0.036"/>
  <testcase name="Booking Cab SUV" classname="User Booking Feature" time="0.013"/>
  <testcase name="Booking Cab Mini" classname="User Booking Feature" time="0.024"/>
</testsuite>